<?xml version="1.0" encoding="UTF-8"?>
<!-- Generated by org.testng.reporters.JUnitReportReporter -->
<testsuite hostname="SeenaReddy" failures="0" tests="1" name="com.testscenarios.FramesHandling2" time="105.847" errors="0" timestamp="2025-06-20T20:00:03 MDT" skipped="0">
  <testcase classname="com.testscenarios.FramesHandling2" name="f" time="105.847"/>
</testsuite> <!-- com.testscenarios.FramesHandling2 -->
