<?xml version="1.0" encoding="UTF-8"?>
<!-- Generated by org.testng.reporters.JUnitReportReporter -->
<testsuite hostname="SeenaReddy" failures="0" tests="1" name="com.testscenarios.Fblogin" time="4.204" errors="0" timestamp="2025-05-14T19:15:36 MDT" skipped="0">
  <testcase classname="com.testscenarios.Fblogin" name="f" time="4.204"/>
</testsuite> <!-- com.testscenarios.Fblogin -->
