<?xml version="1.0" encoding="UTF-8"?>
<!-- Generated by org.testng.reporters.JUnitReportReporter -->
<testsuite hostname="SeenaReddy" failures="0" tests="1" name="com.testscenarios.DatabaseConnectivityDmeo" time="0.937" errors="0" timestamp="2025-06-12T20:16:03 MDT" skipped="0">
  <testcase classname="com.testscenarios.DatabaseConnectivityDmeo" name="f" time="0.937"/>
</testsuite> <!-- com.testscenarios.DatabaseConnectivityDmeo -->
