<?xml version="1.0" encoding="UTF-8"?>
<!-- Generated by org.testng.reporters.JUnitReportReporter -->
<testsuite hostname="SeenaReddy" failures="0" tests="1" name="com.testscenarios.FB_Login" time="9.856" errors="0" timestamp="2025-05-12T20:16:05 MDT" skipped="0">
  <testcase classname="com.testscenarios.FB_Login" name="f" time="9.856"/>
</testsuite> <!-- com.testscenarios.FB_Login -->
