<?xml version="1.0" encoding="UTF-8"?>
<!-- Generated by org.testng.reporters.JUnitReportReporter -->
<testsuite hostname="SeenaReddy" failures="0" tests="1" name="com.testscenarios.Fblogin" time="11.664" errors="0" timestamp="2025-05-13T20:12:54 MDT" skipped="0">
  <testcase classname="com.testscenarios.Fblogin" name="f" time="11.664"/>
</testsuite> <!-- com.testscenarios.Fblogin -->
