<?xml version="1.0" encoding="UTF-8"?>
<!-- Generated by org.testng.reporters.JUnitReportReporter -->
<testsuite hostname="SeenaReddy" failures="0" tests="1" name="com.testscenarios.FramesHandling" time="416.285" errors="0" timestamp="2025-06-20T19:55:51 MDT" skipped="0">
  <testcase classname="com.testscenarios.FramesHandling" name="f" time="416.285"/>
</testsuite> <!-- com.testscenarios.FramesHandling -->
