<?xml version="1.0" encoding="UTF-8"?>
<!-- Generated by org.testng.reporters.JUnitReportReporter -->
<testsuite hostname="Lavanayana" failures="0" tests="1" name="com.testscenarios.TS_04_SearchCatgeoryandBrnd" time="43.622" errors="0" timestamp="2025-05-20T16:57:55 MDT" skipped="0">
  <testcase classname="com.testscenarios.TS_04_SearchCatgeoryandBrnd" name="f" time="43.622"/>
</testsuite> <!-- com.testscenarios.TS_04_SearchCatgeoryandBrnd -->
