<?xml version="1.0" encoding="UTF-8"?>
<!-- Generated by org.testng.reporters.JUnitReportReporter -->
<testsuite hostname="SeenaReddy" failures="0" tests="1" name="com.testscenarios.Automationexercise_Login" time="17.849" errors="0" timestamp="2025-05-13T19:23:30 MDT" skipped="0">
  <testcase classname="com.testscenarios.Automationexercise_Login" name="f" time="17.849"/>
</testsuite> <!-- com.testscenarios.Automationexercise_Login -->
