<?xml version="1.0" encoding="UTF-8"?>
<!-- Generated by org.testng.reporters.JUnitReportReporter -->
<testsuite hostname="SeenaReddy" failures="0" tests="1" name="com.testscenarios.Fblogin" time="20.641" errors="0" timestamp="2025-06-12T20:25:02 MDT" skipped="0">
  <testcase classname="com.testscenarios.Fblogin" name="f" time="20.641"/>
</testsuite> <!-- com.testscenarios.Fblogin -->
