<?xml version="1.0" encoding="UTF-8"?>
<!-- Generated by org.testng.reporters.JUnitReportReporter -->
<testsuite hostname="SeenaReddy" failures="0" tests="1" name="com.testscenarios.Automationexercise_LoginWihtValidtestdata" time="25.953" errors="0" timestamp="2025-05-13T19:35:58 MDT" skipped="0">
  <testcase classname="com.testscenarios.Automationexercise_LoginWihtValidtestdata" name="f" time="25.953"/>
</testsuite> <!-- com.testscenarios.Automationexercise_LoginWihtValidtestdata -->
