<?xml version="1.0" encoding="UTF-8"?>
<!-- Generated by org.testng.reporters.JUnitReportReporter -->
<testsuite hostname="SeenaReddy" failures="0" tests="1" name="com.testscenarios.NRG_Careers" time="83.931" errors="0" timestamp="2025-05-14T20:12:53 MDT" skipped="0">
  <testcase classname="com.testscenarios.NRG_Careers" name="f" time="83.931"/>
</testsuite> <!-- com.testscenarios.NRG_Careers -->
