<?xml version="1.0" encoding="UTF-8"?>
<!-- Generated by org.testng.reporters.JUnitReportReporter -->
<testsuite hostname="SeenaReddy" failures="0" tests="1" name="com.testscenarios.Automationexercise_Login" time="18.521" errors="0" timestamp="2025-05-14T19:22:35 MDT" skipped="0">
  <testcase classname="com.testscenarios.Automationexercise_Login" name="f" time="18.521"/>
</testsuite> <!-- com.testscenarios.Automationexercise_Login -->
