<?xml version="1.0" encoding="UTF-8"?>
<!-- Generated by org.testng.reporters.JUnitReportReporter -->
<testsuite hostname="This-Lenovo" failures="0" tests="1" name="com.testscenarios.AutomationTest_NewReg" time="13.577" errors="0" timestamp="2025-05-19T20:02:14 EDT" skipped="0">
  <testcase classname="com.testscenarios.AutomationTest_NewReg" name="f" time="13.577"/>
</testsuite> <!-- com.testscenarios.AutomationTest_NewReg -->
